Wed, 22 Sep 2021 14:08:23 GMT | ERROR  | HTTP 404: ask for:  http://localhost:3000/
Wed, 22 Sep 2021 14:08:29 GMT | ERROR  | HTTP 404: ask for:  http://localhost:3000/romain
Wed, 22 Sep 2021 14:22:51 GMT | ERROR  | HTTP 404: ask for:  http://localhost:3000/todo
Wed, 22 Sep 2021 14:33:45 GMT | ERROR  | HTTP 404: ask for:  http://localhost:3000/
Thu, 23 Sep 2021 06:30:08 GMT | ERROR  | HTTP 404: ask for:  http://localhost:3000/
Thu, 23 Sep 2021 06:30:09 GMT | ERROR  | HTTP 404: ask for:  http://localhost:3000/favicon.ico
Thu, 23 Sep 2021 07:33:02 GMT | ERROR  | HTTP 404: ask for:  http://localhost:3000/todo?id=614c265d6240360ac0297197
Thu, 23 Sep 2021 07:33:49 GMT | ERROR  | HTTP 404: ask for:  http://localhost:3000/todo/?id=614c265d6240360ac0297197
Mon, 08 Nov 2021 14:00:10 GMT | ERROR  | HTTP 404: ask for:  http://localhost:3000/Categorie
Mon, 08 Nov 2021 14:04:43 GMT | ERROR  | HTTP 404: ask for:  http://localhost:3000/Categories
Mon, 08 Nov 2021 14:05:23 GMT | ERROR  | HTTP 404: ask for:  http://localhost:3000/Categories
Mon, 08 Nov 2021 14:05:26 GMT | ERROR  | HTTP 404: ask for:  http://localhost:3000/Categorie
Mon, 08 Nov 2021 14:05:45 GMT | ERROR  | HTTP 404: ask for:  http://localhost:3000/Produits
Mon, 08 Nov 2021 14:05:52 GMT | ERROR  | HTTP 404: ask for:  http://localhost:3000/Produit
Mon, 08 Nov 2021 14:05:54 GMT | ERROR  | HTTP 404: ask for:  http://localhost:3000/Produits
Mon, 08 Nov 2021 14:06:43 GMT | ERROR  | HTTP 404: ask for:  http://localhost:3000/Produits
Wed, 17 Nov 2021 11:00:27 GMT | ERROR  | HTTP 404: ask for:  http://localhost:3000/boutiques/
Wed, 17 Nov 2021 11:00:27 GMT | ERROR  | HTTP 404: ask for:  http://localhost:3000/boutiques/
Wed, 17 Nov 2021 11:00:50 GMT | ERROR  | HTTP 404: ask for:  http://localhost:3000/boutiques/
Wed, 17 Nov 2021 11:00:50 GMT | ERROR  | HTTP 404: ask for:  http://localhost:3000/boutiques/
Wed, 17 Nov 2021 11:01:04 GMT | ERROR  | HTTP 404: ask for:  http://localhost:3000/boutiques/
Wed, 17 Nov 2021 11:01:04 GMT | ERROR  | HTTP 404: ask for:  http://localhost:3000/boutiques/
Thu, 18 Nov 2021 10:16:21 GMT | ERROR  | HTTP 404: ask for:  http://localhost:3000/boutiques/
Thu, 18 Nov 2021 10:16:21 GMT | ERROR  | HTTP 404: ask for:  http://localhost:3000/boutiques/
Thu, 18 Nov 2021 10:16:54 GMT | ERROR  | HTTP 404: ask for:  http://localhost:3000/boutiques/
Thu, 18 Nov 2021 10:17:34 GMT | ERROR  | HTTP 404: ask for:  http://localhost:3000/boutiques/
Thu, 18 Nov 2021 10:17:34 GMT | ERROR  | HTTP 404: ask for:  http://localhost:3000/boutiques/
Thu, 18 Nov 2021 10:17:42 GMT | ERROR  | HTTP 404: ask for:  http://localhost:3000/boutiques/
Mon, 07 Feb 2022 13:43:22 GMT | ERROR  | HTTP 404: ask for:  http://localhost:3000/utilisateur
Mon, 07 Feb 2022 13:46:16 GMT | ERROR  | HTTP 404: ask for:  http://localhost:3000/utilisateur
