Wed, 22 Sep 2021 14:08:21 GMT | INFO  | Server is running on port: 3000
Wed, 22 Sep 2021 14:33:36 GMT | INFO  | Server is running on port: 3000
Wed, 22 Sep 2021 14:33:36 GMT | INFO  | Connected to database
Thu, 23 Sep 2021 06:30:06 GMT | INFO  | Server is running on port: 3000
Thu, 23 Sep 2021 06:30:06 GMT | INFO  | Connected to database
Thu, 23 Sep 2021 06:40:06 GMT | INFO  | Server is running on port: 3000
Thu, 23 Sep 2021 06:40:06 GMT | INFO  | Connected to database
Thu, 23 Sep 2021 06:40:32 GMT | INFO  | Server is running on port: 3000
Thu, 23 Sep 2021 06:40:32 GMT | INFO  | Connected to database
Thu, 23 Sep 2021 07:01:43 GMT | INFO  | Server is running on port: 3000
Thu, 23 Sep 2021 07:01:43 GMT | INFO  | Connected to database
Thu, 23 Sep 2021 07:28:32 GMT | INFO  | Server is running on port: 3000
Thu, 23 Sep 2021 07:28:32 GMT | INFO  | Connected to database
Thu, 23 Sep 2021 07:31:00 GMT | INFO  | Server is running on port: 3000
Thu, 23 Sep 2021 07:31:00 GMT | INFO  | Connected to database
Thu, 23 Sep 2021 07:35:41 GMT | INFO  | Server is running on port: 3000
Thu, 23 Sep 2021 07:35:41 GMT | INFO  | Connected to database
Thu, 23 Sep 2021 07:40:21 GMT | INFO  | Server is running on port: 3000
Thu, 23 Sep 2021 07:40:21 GMT | INFO  | Connected to database
Mon, 08 Nov 2021 13:53:02 GMT | INFO  | Server is running on port: 3000
Mon, 08 Nov 2021 13:53:02 GMT | INFO  | Connected to database
Wed, 17 Nov 2021 09:16:59 GMT | INFO  | Server is running on port: 3000
Wed, 17 Nov 2021 09:16:59 GMT | INFO  | Connected to database
Wed, 17 Nov 2021 10:35:44 GMT | INFO  | Server is running on port: 3000
Wed, 17 Nov 2021 10:35:44 GMT | INFO  | Connected to database
Wed, 17 Nov 2021 11:00:21 GMT | INFO  | Server is running on port: 3000
Wed, 17 Nov 2021 11:00:21 GMT | INFO  | Connected to database
Thu, 18 Nov 2021 10:12:14 GMT | INFO  | Server is running on port: 3000
Thu, 18 Nov 2021 10:12:14 GMT | INFO  | Connected to database
Wed, 01 Dec 2021 07:23:33 GMT | INFO  | Server is running on port: 3000
Wed, 01 Dec 2021 07:23:33 GMT | INFO  | Connected to database
Mon, 07 Feb 2022 13:21:00 GMT | INFO  | Server is running on port: 3000
Mon, 07 Feb 2022 13:21:00 GMT | INFO  | Connected to database
Mon, 07 Feb 2022 13:22:50 GMT | INFO  | Server is running on port: 3000
Mon, 07 Feb 2022 13:22:50 GMT | INFO  | Connected to database
Mon, 07 Feb 2022 13:31:57 GMT | INFO  | Server is running on port: 3000
Mon, 07 Feb 2022 13:31:57 GMT | INFO  | Connected to database
Mon, 07 Feb 2022 13:47:16 GMT | INFO  | Server is running on port: 3000
Mon, 07 Feb 2022 13:47:16 GMT | INFO  | Connected to database
Mon, 07 Feb 2022 13:48:30 GMT | INFO  | Server is running on port: 3000
Mon, 07 Feb 2022 13:48:30 GMT | INFO  | Connected to database
Mon, 07 Feb 2022 14:07:35 GMT | INFO  | Server is running on port: 3000
Mon, 07 Feb 2022 14:07:35 GMT | INFO  | Connected to database
Mon, 07 Feb 2022 14:10:36 GMT | INFO  | Server is running on port: 3000
Mon, 07 Feb 2022 14:10:36 GMT | INFO  | Connected to database
Mon, 07 Feb 2022 14:11:11 GMT | INFO  | Server is running on port: 3000
Mon, 07 Feb 2022 14:11:11 GMT | INFO  | Connected to database
